  MyForm.cpp
c:\users\ilias\downloads\imageprocessing\framework\MyForm.h(503): warning C4101: 'graphics': unreferenced local variable
c:\users\ilias\downloads\imageprocessing\framework\MyForm.h(546): warning C4101: 'graphics': unreferenced local variable
c:\users\ilias\downloads\imageprocessing\framework\MyForm.h(567): warning C4101: 'graphics': unreferenced local variable
c:\users\ilias\downloads\imageprocessing\framework\MyForm.h(609): warning C4267: 'argument': conversion from 'size_t' to 'int', possible loss of data
c:\users\ilias\downloads\imageprocessing\framework\MyForm.h(645): warning C4267: 'argument': conversion from 'size_t' to 'int', possible loss of data
c:\users\ilias\downloads\imageprocessing\framework\MyForm.h(700): warning C4244: '=': conversion from 'double' to 'int', possible loss of data
c:\users\ilias\downloads\imageprocessing\framework\MyForm.h(753): warning C4244: '=': conversion from 'double' to 'int', possible loss of data
c:\opencv\build\include\opencv2\core\cvstd.hpp(596): warning C4793: 'cv::String::String': function compiled as native:
  	Found an intrinsic not supported in managed code
c:\opencv\build\include\opencv2\core\mat.inl.hpp(413): warning C4793: 'cv::Mat::Mat': function compiled as native:
  	Found an intrinsic not supported in managed code
c:\users\ilias\downloads\imageprocessing\framework\myform.h(628): warning C4700: uninitialized local variable 'lowThreshold' used
c:\opencv\build\include\opencv2\core\mat.inl.hpp(703): warning C4793: 'cv::Mat::release': function compiled as native:
  	Found an intrinsic not supported in managed code
c:\opencv\build\include\opencv2\core\mat.inl.hpp(1929): warning C4793: 'cv::SparseMat::addref': function compiled as native:
  	Found an intrinsic not supported in managed code
c:\opencv\build\include\opencv2\core\mat.inl.hpp(3530): warning C4793: 'cv::UMat::addref': function compiled as native:
  	Found an intrinsic not supported in managed code
c:\opencv\build\include\opencv2\core\ptr.inl.hpp(67): warning C4793: 'cv::detail::PtrOwner::incRef': function compiled as native:
  	Found an intrinsic not supported in managed code
c:\opencv\build\include\opencv2\core\ptr.inl.hpp(72): warning C4793: 'cv::detail::PtrOwner::decRef': function compiled as native:
  	Found an intrinsic not supported in managed code
c:\opencv\build\include\opencv2\core\fast_math.hpp(97): warning C4793: '`anonymous namespace'::cvRound': function compiled as native:
  	Found an intrinsic not supported in managed code
c:\opencv\build\include\opencv2\core\fast_math.hpp(98): warning C4793: '`anonymous namespace'::cvRound': function compiled as native:
  	Found an intrinsic not supported in managed code
c:\opencv\build\include\opencv2\core\fast_math.hpp(205): warning C4793: '`anonymous namespace'::cvRound': function compiled as native:
  	Found an intrinsic not supported in managed code
c:\opencv\build\include\opencv2\core\fast_math.hpp(206): warning C4793: '`anonymous namespace'::cvRound': function compiled as native:
  	Found an intrinsic not supported in managed code
  Framework.vcxproj -> C:\Users\Ilias\Downloads\imageProcessing\x64\Debug\Framework.exe
